2026-06-23 11:19:18,082 - INFO -user add in admin.json file [{'name': 'mantavya', 'password': 1234}]
2026-06-23 11:19:26,535 - INFO -user add in admin.json file [{'name': 'mantavya', 'password': 1234}, {'name': 'ananya', 'password': 1234}]
2026-06-23 11:19:34,861 - INFO -user add in admin.json file [{'name': 'mantavya', 'password': 1234}, {'name': 'ananya', 'password': 1234}, {'name': 'shraven', 'password': 1234}]
2026-06-23 11:19:56,873 - INFO -Admin added in admin.json file {'name': 'man', 'password': 1234}
2026-06-23 11:20:11,528 - INFO -Admin added in admin.json file {'name': 'anu', 'password': 1234}
2026-06-23 11:20:25,904 - INFO -Admin added in admin.json file {'name': 'sh', 'password': 1234}
2026-06-23 11:21:01,985 - INFO -Admin login in admin menu
2026-06-23 11:22:21,144 - INFO -Admin login in admin menu
2026-06-23 11:29:05,228 - INFO -Admin login in admin menu
2026-06-23 11:29:26,918 - INFO -admin add book[{'id': 101, 'title': 'pythone', 'author': 'mantavya', 'category': 'oops', 'Quantity': 12}]
2026-06-23 11:29:39,802 - INFO -admin add book[{'id': 101, 'title': 'pythone', 'author': 'mantavya', 'category': 'oops', 'Quantity': 12}, {'id': 102, 'title': 'pythone', 'author': 'mantavya', 'category': 'oops', 'Quantity': 12}]
2026-06-23 11:32:25,099 - INFO -Admin login in admin menu
2026-06-23 11:32:39,785 - INFO -admin add book[{'id': 101, 'title': 'pythone', 'author': 'mantavya', 'category': 'oops', 'Quantity': 12}]
2026-06-23 11:33:27,567 - INFO -admin add book[{'id': 101, 'title': 'pythone', 'author': 'mantavya', 'category': 'oops', 'Quantity': 12}, {'id': 102, 'title': 'java', 'author': 'ananya', 'category': 'oops', 'Quantity': 0}]
2026-06-23 11:33:53,739 - INFO -admin add book[{'id': 101, 'title': 'pythone', 'author': 'mantavya', 'category': 'oops', 'Quantity': 12}, {'id': 102, 'title': 'java', 'author': 'ananya', 'category': 'oops', 'Quantity': 0}, {'id': 103, 'title': 'c++', 'author': 'shraven', 'category': 'game devlopment', 'Quantity': 33}]
2026-06-23 11:34:47,737 - INFO -admin update title{'id': 101, 'title': 'python', 'author': 'mantavya', 'category': 'oops', 'Quantity': 12}
2026-06-23 11:35:41,247 - INFO -Admin login in admin menu
2026-06-23 11:35:57,010 - INFO -admin view user
2026-06-23 11:36:04,049 - INFO -admin view log
2026-06-23 11:36:15,176 - INFO -User login in user menu
2026-06-23 11:37:17,221 - INFO -user issue book{'name': 'mantavya', 'password': 1234, 'book': 'python'}
2026-06-23 11:37:38,895 - INFO -user return book python
2026-06-23 11:37:53,407 - INFO -user resave book{'name': 'mantavya', 'password': 1234, 'book': 'java'}
2026-06-23 11:39:27,700 - INFO -User login in user menu
2026-06-23 11:42:22,712 - INFO -User login in user menu
2026-06-23 11:43:25,683 - INFO -User login in user menu
2026-06-23 11:44:53,408 - INFO -User login in user menu
2026-06-23 11:45:19,400 - INFO -Admin login in admin menu
2026-06-23 11:47:15,503 - INFO -User login in user menu
2026-06-23 11:50:43,893 - INFO -User login in user menu
2026-06-23 11:54:37,735 - INFO -User login in user menu
2026-06-23 11:54:53,633 - INFO -user issued book {'name': 'mantavya', 'book': 'python'}
2026-06-23 11:55:50,273 - INFO -User login in user menu
2026-06-23 11:56:36,608 - INFO -User login in user menu
2026-06-23 11:57:29,763 - INFO -User login in user menu
2026-06-23 16:49:47,050 - INFO -User login in user menu
